生成启动时间为 2019/11/8 16:00:42。
     1>项目“E:\下载\01计算机学习\C++学习\C-plus-plus-learning-example\输出游戏人物属性\输出游戏人物属性\输出游戏人物属性.vcxproj”在节点 2 上(build 个目标)。
     1>InitializeBuildStatus:
         正在创建“Release\输出游戏人物属性.unsuccessfulbuild”，因为已指定“AlwaysCreate”。
       ClCompile:
         所有输出均为最新。
         所有输出均为最新。
       Link:
         D:\Program Files (x86)\Microsoft Visual Studio 10.0\VC\bin\link.exe /ERRORREPORT:PROMPT /OUT:"E:\下载\01计算机学习\C++学习\C-plus-plus-learning-example\输出游戏人物属性\Release\输出游戏人物属性.exe" /INCREMENTAL:NO /NOLOGO kernel32.lib user32.lib gdi32.lib winspool.lib comdlg32.lib advapi32.lib shell32.lib ole32.lib oleaut32.lib uuid.lib odbc32.lib odbccp32.lib /MANIFEST /ManifestFile:"Release\输出游戏人物属性.exe.intermediate.manifest" /MANIFESTUAC:"level='asInvoker' uiAccess='false'" /DEBUG /PDB:"E:\下载\01计算机学习\C++学习\C-plus-plus-learning-example\输出游戏人物属性\Release\输出游戏人物属性.pdb" /SUBSYSTEM:CONSOLE /OPT:REF /OPT:ICF /LTCG /TLBID:1 /DYNAMICBASE /NXCOMPAT /IMPLIB:"E:\下载\01计算机学习\C++学习\C-plus-plus-learning-example\输出游戏人物属性\Release\输出游戏人物属性.lib" /MACHINE:X86 Release\stdafx.obj
         "Release\输出游戏人物属性.obj"
         正在生成代码
         已完成代码的生成
         输出游戏人物属性.vcxproj -> E:\下载\01计算机学习\C++学习\C-plus-plus-learning-example\输出游戏人物属性\Release\输出游戏人物属性.exe
       Manifest:
         C:\Program Files (x86)\Microsoft SDKs\Windows\v7.0A\bin\mt.exe /nologo /verbose /outputresource:"E:\下载\01计算机学习\C++学习\C-plus-plus-learning-example\输出游戏人物属性\Release\输出游戏人物属性.exe;#1" /manifest "Release\输出游戏人物属性.exe.intermediate.manifest"
       FinalizeBuildStatus:
         正在删除文件“Release\输出游戏人物属性.unsuccessfulbuild”。
         正在对“Release\输出游戏人物属性.lastbuildstate”执行 Touch 任务。
     1>已完成生成项目“E:\下载\01计算机学习\C++学习\C-plus-plus-learning-example\输出游戏人物属性\输出游戏人物属性\输出游戏人物属性.vcxproj”(build 个目标)的操作。

生成成功。

已用时间 00:00:00.81
