生成启动时间为 2019/11/7 21:38:42。
     1>项目“E:\下载\01计算机学习\C++学习\C-plus-plus-learning-example\HelloWorld\HelloWord\HelloWord\HelloWord.vcxproj”在节点 2 上(build 个目标)。
     1>InitializeBuildStatus:
         正在对“Debug\HelloWord.unsuccessfulbuild”执行 Touch 任务。
       ClCompile:
         所有输出均为最新。
         D:\Program Files (x86)\Microsoft Visual Studio 10.0\VC\bin\CL.exe /c /ZI /nologo /W3 /WX- /Od /Oy- /D WIN32 /D _DEBUG /D _CONSOLE /D _UNICODE /D UNICODE /Gm /EHsc /RTC1 /MDd /GS /fp:precise /Zc:wchar_t /Zc:forScope /Yu"StdAfx.h" /Fp"Debug\HelloWord.pch" /Fo"Debug\\" /Fd"Debug\vc100.pdb" /Gd /TP /analyze- /errorReport:prompt HelloWord.cpp
         HelloWord.cpp
       ManifestResourceCompile:
         C:\Program Files (x86)\Microsoft SDKs\Windows\v7.0A\bin\rc.exe /nologo /fo"Debug\HelloWord.exe.embed.manifest.res" Debug\HelloWord_manifest.rc 
       Link:
         D:\Program Files (x86)\Microsoft Visual Studio 10.0\VC\bin\link.exe /ERRORREPORT:PROMPT /OUT:"E:\下载\01计算机学习\C++学习\C-plus-plus-learning-example\HelloWorld\HelloWord\Debug\HelloWord.exe" /INCREMENTAL /NOLOGO kernel32.lib user32.lib gdi32.lib winspool.lib comdlg32.lib advapi32.lib shell32.lib ole32.lib oleaut32.lib uuid.lib odbc32.lib odbccp32.lib /MANIFEST /ManifestFile:"Debug\HelloWord.exe.intermediate.manifest" /MANIFESTUAC:"level='asInvoker' uiAccess='false'" /DEBUG /PDB:"E:\下载\01计算机学习\C++学习\C-plus-plus-learning-example\HelloWorld\HelloWord\Debug\HelloWord.pdb" /SUBSYSTEM:CONSOLE /TLBID:1 /DYNAMICBASE /NXCOMPAT /IMPLIB:"E:\下载\01计算机学习\C++学习\C-plus-plus-learning-example\HelloWorld\HelloWord\Debug\HelloWord.lib" /MACHINE:X86 Debug\HelloWord.exe.embed.manifest.res
         Debug\HelloWord.obj
         Debug\stdafx.obj
       Manifest:
         C:\Program Files (x86)\Microsoft SDKs\Windows\v7.0A\bin\mt.exe /nologo /verbose /out:"Debug\HelloWord.exe.embed.manifest" /manifest Debug\HelloWord.exe.intermediate.manifest
         C:\Program Files (x86)\Microsoft SDKs\Windows\v7.0A\bin\rc.exe /nologo /fo"Debug\HelloWord.exe.embed.manifest.res" Debug\HelloWord_manifest.rc 
       LinkEmbedManifest:
         D:\Program Files (x86)\Microsoft Visual Studio 10.0\VC\bin\link.exe /ERRORREPORT:PROMPT /OUT:"E:\下载\01计算机学习\C++学习\C-plus-plus-learning-example\HelloWorld\HelloWord\Debug\HelloWord.exe" /INCREMENTAL /NOLOGO kernel32.lib user32.lib gdi32.lib winspool.lib comdlg32.lib advapi32.lib shell32.lib ole32.lib oleaut32.lib uuid.lib odbc32.lib odbccp32.lib /MANIFEST /ManifestFile:"Debug\HelloWord.exe.intermediate.manifest" /MANIFESTUAC:"level='asInvoker' uiAccess='false'" /DEBUG /PDB:"E:\下载\01计算机学习\C++学习\C-plus-plus-learning-example\HelloWorld\HelloWord\Debug\HelloWord.pdb" /SUBSYSTEM:CONSOLE /TLBID:1 /DYNAMICBASE /NXCOMPAT /IMPLIB:"E:\下载\01计算机学习\C++学习\C-plus-plus-learning-example\HelloWorld\HelloWord\Debug\HelloWord.lib" /MACHINE:X86 Debug\HelloWord.exe.embed.manifest.res
         Debug\HelloWord.obj
         Debug\stdafx.obj
         HelloWord.vcxproj -> E:\下载\01计算机学习\C++学习\C-plus-plus-learning-example\HelloWorld\HelloWord\Debug\HelloWord.exe
       FinalizeBuildStatus:
         正在删除文件“Debug\HelloWord.unsuccessfulbuild”。
         正在对“Debug\HelloWord.lastbuildstate”执行 Touch 任务。
     1>已完成生成项目“E:\下载\01计算机学习\C++学习\C-plus-plus-learning-example\HelloWorld\HelloWord\HelloWord\HelloWord.vcxproj”(build 个目标)的操作。

生成成功。

已用时间 00:00:04.74
