E:\下载\01计算机学习\C++学习\C-PLUS-PLUS-LEARNING-EXAMPLE\输出游戏人物属性\DEBUG\输出游戏人物属性.EXE
E:\下载\01计算机学习\C++学习\C-PLUS-PLUS-LEARNING-EXAMPLE\输出游戏人物属性\DEBUG\输出游戏人物属性.ILK
E:\下载\01计算机学习\C++学习\C-PLUS-PLUS-LEARNING-EXAMPLE\输出游戏人物属性\DEBUG\输出游戏人物属性.PDB
E:\下载\01计算机学习\C++学习\C-plus-plus-learning-example\输出游戏人物属性\输出游戏人物属性\Debug\cl.command.1.tlog
E:\下载\01计算机学习\C++学习\C-plus-plus-learning-example\输出游戏人物属性\输出游戏人物属性\Debug\CL.read.1.tlog
E:\下载\01计算机学习\C++学习\C-plus-plus-learning-example\输出游戏人物属性\输出游戏人物属性\Debug\CL.write.1.tlog
E:\下载\01计算机学习\C++学习\C-plus-plus-learning-example\输出游戏人物属性\输出游戏人物属性\Debug\link.30352.read.1.tlog
E:\下载\01计算机学习\C++学习\C-plus-plus-learning-example\输出游戏人物属性\输出游戏人物属性\Debug\link.30352.write.1.tlog
E:\下载\01计算机学习\C++学习\C-plus-plus-learning-example\输出游戏人物属性\输出游戏人物属性\Debug\link.30352-cvtres.read.1.tlog
E:\下载\01计算机学习\C++学习\C-plus-plus-learning-example\输出游戏人物属性\输出游戏人物属性\Debug\link.30352-cvtres.write.1.tlog
E:\下载\01计算机学习\C++学习\C-plus-plus-learning-example\输出游戏人物属性\输出游戏人物属性\Debug\link.command.1.tlog
E:\下载\01计算机学习\C++学习\C-plus-plus-learning-example\输出游戏人物属性\输出游戏人物属性\Debug\link.read.1.tlog
E:\下载\01计算机学习\C++学习\C-plus-plus-learning-example\输出游戏人物属性\输出游戏人物属性\Debug\link.write.1.tlog
E:\下载\01计算机学习\C++学习\C-plus-plus-learning-example\输出游戏人物属性\输出游戏人物属性\Debug\link-cvtres.read.1.tlog
E:\下载\01计算机学习\C++学习\C-plus-plus-learning-example\输出游戏人物属性\输出游戏人物属性\Debug\link-cvtres.write.1.tlog
E:\下载\01计算机学习\C++学习\C-plus-plus-learning-example\输出游戏人物属性\输出游戏人物属性\Debug\mt.command.1.tlog
E:\下载\01计算机学习\C++学习\C-plus-plus-learning-example\输出游戏人物属性\输出游戏人物属性\Debug\mt.read.1.tlog
E:\下载\01计算机学习\C++学习\C-plus-plus-learning-example\输出游戏人物属性\输出游戏人物属性\Debug\mt.write.1.tlog
E:\下载\01计算机学习\C++学习\C-plus-plus-learning-example\输出游戏人物属性\输出游戏人物属性\Debug\rc.command.1.tlog
E:\下载\01计算机学习\C++学习\C-plus-plus-learning-example\输出游戏人物属性\输出游戏人物属性\Debug\rc.read.1.tlog
E:\下载\01计算机学习\C++学习\C-plus-plus-learning-example\输出游戏人物属性\输出游戏人物属性\Debug\rc.write.1.tlog
E:\下载\01计算机学习\C++学习\C-PLUS-PLUS-LEARNING-EXAMPLE\输出游戏人物属性\输出游戏人物属性\DEBUG\STDAFX.OBJ
E:\下载\01计算机学习\C++学习\C-plus-plus-learning-example\输出游戏人物属性\输出游戏人物属性\Debug\vc100.idb
E:\下载\01计算机学习\C++学习\C-PLUS-PLUS-LEARNING-EXAMPLE\输出游戏人物属性\输出游戏人物属性\DEBUG\VC100.PDB
E:\下载\01计算机学习\C++学习\C-PLUS-PLUS-LEARNING-EXAMPLE\输出游戏人物属性\输出游戏人物属性\DEBUG\输出游戏人物属性.EXE.EMBED.MANIFEST
E:\下载\01计算机学习\C++学习\C-PLUS-PLUS-LEARNING-EXAMPLE\输出游戏人物属性\输出游戏人物属性\DEBUG\输出游戏人物属性.EXE.EMBED.MANIFEST.RES
E:\下载\01计算机学习\C++学习\C-PLUS-PLUS-LEARNING-EXAMPLE\输出游戏人物属性\输出游戏人物属性\DEBUG\输出游戏人物属性.EXE.INTERMEDIATE.MANIFEST
E:\下载\01计算机学习\C++学习\C-PLUS-PLUS-LEARNING-EXAMPLE\输出游戏人物属性\输出游戏人物属性\DEBUG\输出游戏人物属性.OBJ
E:\下载\01计算机学习\C++学习\C-PLUS-PLUS-LEARNING-EXAMPLE\输出游戏人物属性\输出游戏人物属性\DEBUG\输出游戏人物属性.PCH
E:\下载\01计算机学习\C++学习\C-plus-plus-learning-example\输出游戏人物属性\输出游戏人物属性\Debug\输出游戏人物属性.vcxprojResolveAssemblyReference.cache
E:\下载\01计算机学习\C++学习\C-plus-plus-learning-example\输出游戏人物属性\输出游戏人物属性\Debug\输出游戏人物属性.write.1.tlog
E:\下载\01计算机学习\C++学习\C-plus-plus-learning-example\输出游戏人物属性\输出游戏人物属性\Debug\输出游戏人物属性_manifest.rc
