生成启动时间为 2019/11/8 14:37:39。
     1>项目“E:\下载\01计算机学习\C++学习\C-plus-plus-learning-example\输出游戏人物属性\输出游戏人物属性\输出游戏人物属性.vcxproj”在节点 2 上(build 个目标)。
     1>InitializeBuildStatus:
         正在创建“Debug\输出游戏人物属性.unsuccessfulbuild”，因为已指定“AlwaysCreate”。
       ClCompile:
         所有输出均为最新。
         D:\Program Files (x86)\Microsoft Visual Studio 10.0\VC\bin\CL.exe /c /ZI /nologo /W3 /WX- /Od /Oy- /D WIN32 /D _DEBUG /D _CONSOLE /D _UNICODE /D UNICODE /Gm /EHsc /RTC1 /MDd /GS /fp:precise /Zc:wchar_t /Zc:forScope /Yu"StdAfx.h" /Fp"Debug\输出游戏人物属性.pch" /Fo"Debug\\" /Fd"Debug\vc100.pdb" /Gd /TP /analyze- /errorReport:prompt "输出游戏人物属性.cpp"
         输出游戏人物属性.cpp
       ManifestResourceCompile:
         所有输出均为最新。
       Link:
         D:\Program Files (x86)\Microsoft Visual Studio 10.0\VC\bin\link.exe /ERRORREPORT:PROMPT /OUT:"E:\下载\01计算机学习\C++学习\C-plus-plus-learning-example\输出游戏人物属性\Debug\输出游戏人物属性.exe" /INCREMENTAL /NOLOGO kernel32.lib user32.lib gdi32.lib winspool.lib comdlg32.lib advapi32.lib shell32.lib ole32.lib oleaut32.lib uuid.lib odbc32.lib odbccp32.lib /MANIFEST /ManifestFile:"Debug\输出游戏人物属性.exe.intermediate.manifest" /MANIFESTUAC:"level='asInvoker' uiAccess='false'" /DEBUG /PDB:"E:\下载\01计算机学习\C++学习\C-plus-plus-learning-example\输出游戏人物属性\Debug\输出游戏人物属性.pdb" /SUBSYSTEM:CONSOLE /TLBID:1 /DYNAMICBASE /NXCOMPAT /IMPLIB:"E:\下载\01计算机学习\C++学习\C-plus-plus-learning-example\输出游戏人物属性\Debug\输出游戏人物属性.lib" /MACHINE:X86 "Debug\输出游戏人物属性.exe.embed.manifest.res"
         Debug\stdafx.obj
         "Debug\输出游戏人物属性.obj"
       Manifest:
         C:\Program Files (x86)\Microsoft SDKs\Windows\v7.0A\bin\mt.exe /nologo /verbose /out:"Debug\输出游戏人物属性.exe.embed.manifest" /manifest "Debug\输出游戏人物属性.exe.intermediate.manifest"
         所有输出均为最新。
       LinkEmbedManifest:
         所有输出均为最新。
         输出游戏人物属性.vcxproj -> E:\下载\01计算机学习\C++学习\C-plus-plus-learning-example\输出游戏人物属性\Debug\输出游戏人物属性.exe
       FinalizeBuildStatus:
         正在删除文件“Debug\输出游戏人物属性.unsuccessfulbuild”。
         正在对“Debug\输出游戏人物属性.lastbuildstate”执行 Touch 任务。
     1>已完成生成项目“E:\下载\01计算机学习\C++学习\C-plus-plus-learning-example\输出游戏人物属性\输出游戏人物属性\输出游戏人物属性.vcxproj”(build 个目标)的操作。

生成成功。

已用时间 00:00:03.04
