生成启动时间为 2019/11/14 12:50:10。
     1>项目“E:\下载\01计算机学习\C++学习\C-plus-plus-learning-example\My Prince\Myprince\myprince\myprince\myprince.vcxproj”在节点 2 上(build 个目标)。
     1>InitializeBuildStatus:
         正在创建“Debug\myprince.unsuccessfulbuild”，因为已指定“AlwaysCreate”。
       ClCompile:
         所有输出均为最新。
         D:\Program Files (x86)\Microsoft Visual Studio 10.0\VC\bin\CL.exe /c /ZI /nologo /W3 /WX- /Od /Oy- /D WIN32 /D _DEBUG /D _CONSOLE /D _UNICODE /D UNICODE /Gm /EHsc /RTC1 /MDd /GS /fp:precise /Zc:wchar_t /Zc:forScope /Yu"StdAfx.h" /Fp"Debug\myprince.pch" /Fo"Debug\\" /Fd"Debug\vc100.pdb" /Gd /TP /analyze- /errorReport:prompt myprince.cpp
         myprince.cpp
     1>e:\下载\01计算机学习\c++学习\c-plus-plus-learning-example\my prince\myprince\myprince\myprince\myprince.cpp(250): warning C4244: “参数”: 从“time_t”转换到“unsigned int”，可能丢失数据
       ManifestResourceCompile:
         所有输出均为最新。
       Link:
         D:\Program Files (x86)\Microsoft Visual Studio 10.0\VC\bin\link.exe /ERRORREPORT:PROMPT /OUT:"E:\下载\01计算机学习\C++学习\C-plus-plus-learning-example\My Prince\Myprince\myprince\Debug\myprince.exe" /INCREMENTAL /NOLOGO kernel32.lib user32.lib gdi32.lib winspool.lib comdlg32.lib advapi32.lib shell32.lib ole32.lib oleaut32.lib uuid.lib odbc32.lib odbccp32.lib /MANIFEST /ManifestFile:"Debug\myprince.exe.intermediate.manifest" /MANIFESTUAC:"level='asInvoker' uiAccess='false'" /DEBUG /PDB:"E:\下载\01计算机学习\C++学习\C-plus-plus-learning-example\My Prince\Myprince\myprince\Debug\myprince.pdb" /SUBSYSTEM:CONSOLE /TLBID:1 /DYNAMICBASE /NXCOMPAT /IMPLIB:"E:\下载\01计算机学习\C++学习\C-plus-plus-learning-example\My Prince\Myprince\myprince\Debug\myprince.lib" /MACHINE:X86 Debug\myprince.exe.embed.manifest.res
         Debug\myprince.obj
         Debug\stdafx.obj
       Manifest:
         C:\Program Files (x86)\Microsoft SDKs\Windows\v7.0A\bin\mt.exe /nologo /verbose /out:"Debug\myprince.exe.embed.manifest" /manifest Debug\myprince.exe.intermediate.manifest
         所有输出均为最新。
       LinkEmbedManifest:
         所有输出均为最新。
         myprince.vcxproj -> E:\下载\01计算机学习\C++学习\C-plus-plus-learning-example\My Prince\Myprince\myprince\Debug\myprince.exe
       FinalizeBuildStatus:
         正在删除文件“Debug\myprince.unsuccessfulbuild”。
         正在对“Debug\myprince.lastbuildstate”执行 Touch 任务。
     1>已完成生成项目“E:\下载\01计算机学习\C++学习\C-plus-plus-learning-example\My Prince\Myprince\myprince\myprince\myprince.vcxproj”(build 个目标)的操作。

生成成功。

已用时间 00:00:19.11
